<?xml version="1.0" encoding="UTF-8"?>
<!-- Generated by org.testng.reporters.JUnitReportReporter -->
<testsuite hostname="Itisha-PC" name="Testinc.Testinc.inc" tests="1" failures="0" timestamp="4 Oct 2016 10:42:15 GMT" time="15.295" errors="0">
  <testcase name="main" time="15.295" classname="Testinc.Testinc.inc"/>
</testsuite> <!-- Testinc.Testinc.inc -->
